0 info it worked if it ends with ok
1 verbose cli [ 'C:\\Program Files\\nodejs\\\\node.exe',
1 verbose cli   'C:\\Program Files\\nodejs\\node_modules\\npm\\bin\\npm-cli.js',
1 verbose cli   'publish',
1 verbose cli   './' ]
2 info using npm@1.3.24
3 info using node@v0.10.25
4 verbose node symlink C:\Program Files\nodejs\\node.exe
5 verbose publish [ './' ]
6 verbose cache add [ './', null ]
7 verbose cache add name=undefined spec="./" args=["./",null]
8 verbose parsed url { protocol: null,
8 verbose parsed url   slashes: null,
8 verbose parsed url   auth: null,
8 verbose parsed url   host: null,
8 verbose parsed url   port: null,
8 verbose parsed url   hostname: null,
8 verbose parsed url   hash: null,
8 verbose parsed url   search: null,
8 verbose parsed url   query: null,
8 verbose parsed url   pathname: './',
8 verbose parsed url   path: './',
8 verbose parsed url   href: './' }
9 silly lockFile 0ee6c175- ./
10 verbose lock ./ C:\Users\Wes\AppData\Roaming\npm-cache\0ee6c175-.lock
11 verbose tar pack [ 'C:\\Users\\Wes\\AppData\\Local\\Temp\\npm-7344-31PjrAU_\\1395768266441-0.6021892372518778\\tmp.tgz',
11 verbose tar pack   './' ]
12 verbose tarball C:\Users\Wes\AppData\Local\Temp\npm-7344-31PjrAU_\1395768266441-0.6021892372518778\tmp.tgz
13 verbose folder ./
14 info prepublish simpcli@0.0.1
15 silly lockFile 04cb2bca-tar tar://./
16 verbose lock tar://./ C:\Users\Wes\AppData\Roaming\npm-cache\04cb2bca-tar.lock
17 silly lockFile c2ce3bb7-66441-0-6021892372518778-tmp-tgz tar://C:\Users\Wes\AppData\Local\Temp\npm-7344-31PjrAU_\1395768266441-0.6021892372518778\tmp.tgz
18 verbose lock tar://C:\Users\Wes\AppData\Local\Temp\npm-7344-31PjrAU_\1395768266441-0.6021892372518778\tmp.tgz C:\Users\Wes\AppData\Roaming\npm-cache\c2ce3bb7-66441-0-6021892372518778-tmp-tgz.lock
19 silly lockFile 04cb2bca-tar tar://./
20 silly lockFile 04cb2bca-tar tar://./
21 silly lockFile c2ce3bb7-66441-0-6021892372518778-tmp-tgz tar://C:\Users\Wes\AppData\Local\Temp\npm-7344-31PjrAU_\1395768266441-0.6021892372518778\tmp.tgz
22 silly lockFile c2ce3bb7-66441-0-6021892372518778-tmp-tgz tar://C:\Users\Wes\AppData\Local\Temp\npm-7344-31PjrAU_\1395768266441-0.6021892372518778\tmp.tgz
23 verbose tar unpack C:\Users\Wes\AppData\Local\Temp\npm-7344-31PjrAU_\1395768266441-0.6021892372518778\tmp.tgz
24 silly lockFile ffcc2224-66441-0-6021892372518778-package tar://C:\Users\Wes\AppData\Local\Temp\npm-7344-31PjrAU_\1395768266441-0.6021892372518778\package
25 verbose lock tar://C:\Users\Wes\AppData\Local\Temp\npm-7344-31PjrAU_\1395768266441-0.6021892372518778\package C:\Users\Wes\AppData\Roaming\npm-cache\ffcc2224-66441-0-6021892372518778-package.lock
26 silly lockFile c2ce3bb7-66441-0-6021892372518778-tmp-tgz tar://C:\Users\Wes\AppData\Local\Temp\npm-7344-31PjrAU_\1395768266441-0.6021892372518778\tmp.tgz
27 verbose lock tar://C:\Users\Wes\AppData\Local\Temp\npm-7344-31PjrAU_\1395768266441-0.6021892372518778\tmp.tgz C:\Users\Wes\AppData\Roaming\npm-cache\c2ce3bb7-66441-0-6021892372518778-tmp-tgz.lock
28 silly gunzTarPerm modes [ '755', '644' ]
29 silly gunzTarPerm extractEntry package.json
30 silly gunzTarPerm modified mode [ 'package.json', 438, 420 ]
31 silly gunzTarPerm extractEntry README.md
32 silly gunzTarPerm modified mode [ 'README.md', 438, 420 ]
33 silly gunzTarPerm extractEntry cli.js
34 silly gunzTarPerm modified mode [ 'cli.js', 438, 420 ]
35 silly lockFile ffcc2224-66441-0-6021892372518778-package tar://C:\Users\Wes\AppData\Local\Temp\npm-7344-31PjrAU_\1395768266441-0.6021892372518778\package
36 silly lockFile ffcc2224-66441-0-6021892372518778-package tar://C:\Users\Wes\AppData\Local\Temp\npm-7344-31PjrAU_\1395768266441-0.6021892372518778\package
37 silly lockFile c2ce3bb7-66441-0-6021892372518778-tmp-tgz tar://C:\Users\Wes\AppData\Local\Temp\npm-7344-31PjrAU_\1395768266441-0.6021892372518778\tmp.tgz
38 silly lockFile c2ce3bb7-66441-0-6021892372518778-tmp-tgz tar://C:\Users\Wes\AppData\Local\Temp\npm-7344-31PjrAU_\1395768266441-0.6021892372518778\tmp.tgz
39 verbose tar pack [ 'C:\\Users\\Wes\\AppData\\Roaming\\npm-cache\\simpcli\\0.0.1\\package.tgz',
39 verbose tar pack   'C:\\Users\\Wes\\AppData\\Local\\Temp\\npm-7344-31PjrAU_\\1395768266441-0.6021892372518778\\package' ]
40 verbose tarball C:\Users\Wes\AppData\Roaming\npm-cache\simpcli\0.0.1\package.tgz
41 verbose folder C:\Users\Wes\AppData\Local\Temp\npm-7344-31PjrAU_\1395768266441-0.6021892372518778\package
42 silly lockFile ffcc2224-66441-0-6021892372518778-package tar://C:\Users\Wes\AppData\Local\Temp\npm-7344-31PjrAU_\1395768266441-0.6021892372518778\package
43 verbose lock tar://C:\Users\Wes\AppData\Local\Temp\npm-7344-31PjrAU_\1395768266441-0.6021892372518778\package C:\Users\Wes\AppData\Roaming\npm-cache\ffcc2224-66441-0-6021892372518778-package.lock
44 silly lockFile b4146f2c--cache-simpcli-0-0-1-package-tgz tar://C:\Users\Wes\AppData\Roaming\npm-cache\simpcli\0.0.1\package.tgz
45 verbose lock tar://C:\Users\Wes\AppData\Roaming\npm-cache\simpcli\0.0.1\package.tgz C:\Users\Wes\AppData\Roaming\npm-cache\b4146f2c--cache-simpcli-0-0-1-package-tgz.lock
46 silly lockFile ffcc2224-66441-0-6021892372518778-package tar://C:\Users\Wes\AppData\Local\Temp\npm-7344-31PjrAU_\1395768266441-0.6021892372518778\package
47 silly lockFile ffcc2224-66441-0-6021892372518778-package tar://C:\Users\Wes\AppData\Local\Temp\npm-7344-31PjrAU_\1395768266441-0.6021892372518778\package
48 silly lockFile b4146f2c--cache-simpcli-0-0-1-package-tgz tar://C:\Users\Wes\AppData\Roaming\npm-cache\simpcli\0.0.1\package.tgz
49 silly lockFile b4146f2c--cache-simpcli-0-0-1-package-tgz tar://C:\Users\Wes\AppData\Roaming\npm-cache\simpcli\0.0.1\package.tgz
50 silly lockFile d96a1a58--npm-cache-simpcli-0-0-1-package C:\Users\Wes\AppData\Roaming\npm-cache\simpcli\0.0.1\package
51 verbose lock C:\Users\Wes\AppData\Roaming\npm-cache\simpcli\0.0.1\package C:\Users\Wes\AppData\Roaming\npm-cache\d96a1a58--npm-cache-simpcli-0-0-1-package.lock
52 silly lockFile d96a1a58--npm-cache-simpcli-0-0-1-package C:\Users\Wes\AppData\Roaming\npm-cache\simpcli\0.0.1\package
53 silly lockFile d96a1a58--npm-cache-simpcli-0-0-1-package C:\Users\Wes\AppData\Roaming\npm-cache\simpcli\0.0.1\package
54 verbose tar unpack C:\Users\Wes\AppData\Roaming\npm-cache\simpcli\0.0.1\package.tgz
55 silly lockFile 564882c4--npm-cache-simpcli-0-0-1-package tar://C:\Users\Wes\AppData\Roaming\npm-cache\simpcli\0.0.1\package
56 verbose lock tar://C:\Users\Wes\AppData\Roaming\npm-cache\simpcli\0.0.1\package C:\Users\Wes\AppData\Roaming\npm-cache\564882c4--npm-cache-simpcli-0-0-1-package.lock
57 silly lockFile b4146f2c--cache-simpcli-0-0-1-package-tgz tar://C:\Users\Wes\AppData\Roaming\npm-cache\simpcli\0.0.1\package.tgz
58 verbose lock tar://C:\Users\Wes\AppData\Roaming\npm-cache\simpcli\0.0.1\package.tgz C:\Users\Wes\AppData\Roaming\npm-cache\b4146f2c--cache-simpcli-0-0-1-package-tgz.lock
59 silly gunzTarPerm modes [ '755', '644' ]
60 silly gunzTarPerm extractEntry package.json
61 silly gunzTarPerm modified mode [ 'package.json', 438, 420 ]
62 silly gunzTarPerm extractEntry README.md
63 silly gunzTarPerm modified mode [ 'README.md', 438, 420 ]
64 silly gunzTarPerm extractEntry cli.js
65 silly gunzTarPerm modified mode [ 'cli.js', 438, 420 ]
66 silly lockFile 564882c4--npm-cache-simpcli-0-0-1-package tar://C:\Users\Wes\AppData\Roaming\npm-cache\simpcli\0.0.1\package
67 silly lockFile 564882c4--npm-cache-simpcli-0-0-1-package tar://C:\Users\Wes\AppData\Roaming\npm-cache\simpcli\0.0.1\package
68 silly lockFile b4146f2c--cache-simpcli-0-0-1-package-tgz tar://C:\Users\Wes\AppData\Roaming\npm-cache\simpcli\0.0.1\package.tgz
69 silly lockFile b4146f2c--cache-simpcli-0-0-1-package-tgz tar://C:\Users\Wes\AppData\Roaming\npm-cache\simpcli\0.0.1\package.tgz
70 verbose chmod C:\Users\Wes\AppData\Roaming\npm-cache\simpcli\0.0.1\package.tgz 644
71 silly chown skipping for windows C:\Users\Wes\AppData\Roaming\npm-cache\simpcli\0.0.1\package.tgz
72 silly lockFile 0ee6c175- ./
73 silly lockFile 0ee6c175- ./
74 silly publish { name: 'simpcli',
74 silly publish   version: '0.0.1',
74 silly publish   description: 'A Simple Cli',
74 silly publish   main: 'cli.js',
74 silly publish   dependencies: { 'es6-promise': '' },
74 silly publish   repository: { type: 'git', url: 'git://github.com/sterlingwes/simpcli.git' },
74 silly publish   keywords: [ 'simpcli', 'simple', 'cli', 'client', 'command' ],
74 silly publish   author: { name: 'Wes Johnson' },
74 silly publish   license: 'MIT',
74 silly publish   bugs: { url: 'https://github.com/sterlingwes/simpcli/issues' },
74 silly publish   homepage: 'https://github.com/sterlingwes/simpcli',
74 silly publish   readme: '# Simpcli - A Simple Cli!\r\n\r\n## Usage\r\n\r\nJust instantiate with a mapping of argument names to handler functions.\r\n\r\n```javascript\r\nvar Cli = require(\'simpcli\')\r\n  , cli = new Cli({\r\n  \r\n    // the start command is run by default if only the cli is called (no args)\r\n    \r\n    start: function() {\r\n        this.print(\'I did something useful\');\r\n    },\r\n    \r\n    help: function(arg) {\r\n        if(!arg)    arg = \'something\';\r\n        this.print(\'Need help with %s? Too bad.\', arg);\r\n    }\r\n    \r\n  });\r\n  \r\n```\r\n\r\n```\r\n> mycli\r\nI did something useful\r\n\r\n> mycli help\r\nNeed help with something? Too bad.\r\n\r\n> mycli help life\r\nNeed help with life? Too bad.\r\n```\r\n\r\n## API\r\n\r\nThis module exports an object prototype that you instantiate. Each instance can use the following (on the `cli` instance or from within argument handler functions using the context, `this`):\r\n\r\n### chain *property (Promise)*\r\n\r\nAllows access to the [Promise](https://github.com/jakearchibald/es6-promise#readme) chain used in coordinating async tasks. For instance,\r\n\r\n```javascript\r\ncli.chain.then(function() {\r\n    // do something after the Cli executes the described commands\r\n})\r\n.catch(function(err) {\r\n    // catch exceptions thrown in the promise chain\r\n});\r\n```\r\n\r\n### print() *method*\r\n\r\nConsole.log alias. Will allow for better display control.\r\n\r\n### defer(resolver)\r\n\r\nWhere `resolver` is a function with `resolve` and `reject` arguments per the [Promise API](https://github.com/jakearchibald/es6-promise#readme). Shorthand to avoid using a separate promises library for your implementation.\r\n\r\n### exec()\r\n\r\nSee [Node child_process docs](http://nodejs.org/docs/latest/api/child_process.html#child_process_child_process_exec_command_options_callback).\r\n\r\n## Todo\r\n\r\n*   Argument chaining\r\n*   Flag \'hook\' support\r\n*   Object definitions for arguments\r\n*   Use ES6 promises within Node to remove all dependencies\r\n*   Colours and other useless but fun things\r\n\r\n### License\r\n\r\nMIT',
74 silly publish   readmeFilename: 'README.md',
74 silly publish   _id: 'simpcli@0.0.1',
74 silly publish   dist: { shasum: '0bdd7ad31f6b6a197fa1df50c57df9629c034c27' },
74 silly publish   _from: './' }
75 verbose url raw simpcli
76 verbose url resolving [ 'https://registry.npmjs.org/', './simpcli' ]
77 verbose url resolved https://registry.npmjs.org/simpcli
78 info trying registry request attempt 1 at 14:24:26
79 http PUT https://registry.npmjs.org/simpcli
80 http 403 https://registry.npmjs.org/simpcli
81 info trying registry request attempt 1 at 14:24:28
82 http PUT https://registry.npmjs.org/simpcli
83 http 403 https://registry.npmjs.org/simpcli
84 error publish Failed PUT 403
85 error Error: forbidden cannot modify pre-existing version: 0.0.1
85 error old={"name":"simpcli","version":"0.0.1","description":"A Simple Cli","main":"cli.js","dependencies":{"es6-promise":""},"repository":{"type":"git","url":"git://github.com/sterlingwes/simpcli.git"},"keywords":["simpcli","simple","cli","client","command"],"author":{"name":"Wes Johnson"},"license":"MIT","bugs":{"url":"https://github.com/sterlingwes/simpcli/issues"},"homepage":"https://github.com/sterlingwes/simpcli","_id":"simpcli@0.0.1","dist":{"shasum":"69e45919a4e6c511789671038129dc687ab58116","tarball":"http://registry.npmjs.org/simpcli/-/simpcli-0.0.1.tgz"},"_from":"./","_npmVersion":"1.3.24","_npmUser":{"name":"sterling","email":"swj@wesquire.ca"},"maintainers":[{"name":"sterling","email":"swj@wesquire.ca"}]}
85 error new={"name":"simpcli","version":"0.0.1","description":"A Simple Cli","main":"cli.js","dependencies":{"es6-promise":""},"repository":{"type":"git","url":"git://github.com/sterlingwes/simpcli.git"},"keywords":["simpcli","simple","cli","client","command"],"author":{"name":"Wes Johnson"},"license":"MIT","bugs":{"url":"https://github.com/sterlingwes/simpcli/issues"},"homepage":"https://github.com/sterlingwes/simpcli","readme":"# Simpcli - A Simple Cli!\u000d\u000a\u000d\u000a## Usage\u000d\u000a\u000d\u000aJust instantiate with a mapping of argument names to handler functions.\u000d\u000a\u000d\u000a```javascript\u000d\u000avar Cli = require('simpcli')\u000d\u000a  , cli = new Cli({\u000d\u000a  \u000d\u000a    // the start command is run by default if only the cli is called (no args)\u000d\u000a    \u000d\u000a    start: function() {\u000d\u000a        this.print('I did something useful');\u000d\u000a    },\u000d\u000a    \u000d\u000a    help: function(arg) {\u000d\u000a        if(!arg)    arg = 'something';\u000d\u000a        this.print('Need help with %s? Too bad.', arg);\u000d\u000a    }\u000d\u000a    \u000d\u000a  });\u000d\u000a  \u000d\u000a```\u000d\u000a\u000d\u000a```\u000d\u000a> mycli\u000d\u000aI did something useful\u000d\u000a\u000d\u000a> mycli help\u000d\u000aNeed help with something? Too bad.\u000d\u000a\u000d\u000a> mycli help life\u000d\u000aNeed help with life? Too bad.\u000d\u000a```\u000d\u000a\u000d\u000a## API\u000d\u000a\u000d\u000aThis module exports an object prototype that you instantiate. Each instance can use the following (on the `cli` instance or from within argument handler functions using the context, `this`):\u000d\u000a\u000d\u000a### chain *property (Promise)*\u000d\u000a\u000d\u000aAllows access to the [Promise](https://github.com/jakearchibald/es6-promise#readme) chain used in coordinating async tasks. For instance,\u000d\u000a\u000d\u000a```javascript\u000d\u000acli.chain.then(function() {\u000d\u000a    // do something after the Cli executes the described commands\u000d\u000a})\u000d\u000a.catch(function(err) {\u000d\u000a    // catch exceptions thrown in the promise chain\u000d\u000a});\u000d\u000a```\u000d\u000a\u000d\u000a### print() *method*\u000d\u000a\u000d\u000aConsole.log alias. Will allow for better display control.\u000d\u000a\u000d\u000a### defer(resolver)\u000d\u000a\u000d\u000aWhere `resolver` is a function with `resolve` and `reject` arguments per the [Promise API](https://github.com/jakearchibald/es6-promise#readme). Shorthand to avoid using a separate promises library for your implementation.\u000d\u000a\u000d\u000a### exec()\u000d\u000a\u000d\u000aSee [Node child_process docs](http://nodejs.org/docs/latest/api/child_process.html#child_process_child_process_exec_command_options_callback).\u000d\u000a\u000d\u000a## Todo\u000d\u000a\u000d\u000a*   Argument chaining\u000d\u000a*   Flag 'hook' support\u000d\u000a*   Object definitions for arguments\u000d\u000a*   Use ES6 promises within Node to remove all dependencies\u000d\u000a*   Colours and other useless but fun things\u000d\u000a\u000d\u000a### License\u000d\u000a\u000d\u000aMIT","readmeFilename":"README.md","_id":"simpcli@0.0.1","dist":{"shasum":"0bdd7ad31f6b6a197fa1df50c57df9629c034c27","tarball":"http://registry.npmjs.org/simpcli/-/simpcli-0.0.1.tgz"},"_from":"./","_npmVersion":"1.3.24","_npmUser":{"name":"sterling","email":"swj@wesquire.ca"},"maintainers":[{"name":"sterling","email":"swj@wesquire.ca"}]}: simpcli
85 error     at RegClient.<anonymous> (C:\Program Files\nodejs\node_modules\npm\node_modules\npm-registry-client\lib\request.js:275:14)
85 error     at Request.self.callback (C:\Program Files\nodejs\node_modules\npm\node_modules\request\request.js:123:22)
85 error     at Request.EventEmitter.emit (events.js:98:17)
85 error     at Request.<anonymous> (C:\Program Files\nodejs\node_modules\npm\node_modules\request\request.js:893:14)
85 error     at Request.EventEmitter.emit (events.js:117:20)
85 error     at IncomingMessage.<anonymous> (C:\Program Files\nodejs\node_modules\npm\node_modules\request\request.js:844:12)
85 error     at IncomingMessage.EventEmitter.emit (events.js:117:20)
85 error     at _stream_readable.js:920:16
85 error     at process._tickCallback (node.js:415:13)
86 error If you need help, you may report this *entire* log,
86 error including the npm and node versions, at:
86 error     <http://github.com/isaacs/npm/issues>
87 error System Windows_NT 6.2.9200
88 error command "C:\\Program Files\\nodejs\\\\node.exe" "C:\\Program Files\\nodejs\\node_modules\\npm\\bin\\npm-cli.js" "publish" "./"
89 error cwd D:\Dev\Vagrant\simpcli
90 error node -v v0.10.25
91 error npm -v 1.3.24
92 verbose exit [ 1, true ]
